TN:
SF:src/domain/category.entity.ts
FN:16,<instance_members_initializer>
FN:23,Category
FN:32,create
FN:36,changeName
FN:39,changeDescription
FN:42,activate
FN:45,deactivate
FN:49,toJSON
FNF:8
FNH:2
FNDA:1,<instance_members_initializer>
FNDA:1,Category
FNDA:0,create
FNDA:0,changeName
FNDA:0,changeDescription
FNDA:0,activate
FNDA:0,deactivate
FNDA:0,toJSON
DA:1,1
DA:2,1
DA:3,1
DA:4,1
DA:5,1
DA:6,1
DA:7,1
DA:8,1
DA:9,1
DA:10,1
DA:11,1
DA:12,1
DA:13,1
DA:14,1
DA:15,1
DA:16,1
DA:17,1
DA:18,1
DA:19,1
DA:20,1
DA:21,1
DA:22,1
DA:23,1
DA:24,1
DA:25,1
DA:26,1
DA:27,1
DA:28,1
DA:29,1
DA:30,1
DA:31,1
DA:32,1
DA:33,0
DA:34,0
DA:35,1
DA:36,1
DA:37,0
DA:38,0
DA:39,1
DA:40,0
DA:41,0
DA:42,1
DA:43,0
DA:44,0
DA:45,1
DA:46,0
DA:47,0
DA:48,1
DA:49,1
DA:50,0
DA:51,0
DA:52,0
DA:53,0
DA:54,0
DA:55,0
DA:56,0
DA:57,0
DA:58,1
LF:58
LH:40
BRDA:16,0,0,1
BRDA:23,1,0,1
BRF:2
BRH:2
end_of_record
